[2023-06-17 03:00:37Z INFO HostContext] No proxy settings were found based on environmental variables (http_proxy/https_proxy/HTTP_PROXY/HTTPS_PROXY)
[2023-06-17 03:00:37Z INFO HostContext] Well known directory 'Bin': '/usr/src/app/actions-runner/bin'
[2023-06-17 03:00:37Z INFO HostContext] Well known directory 'Root': '/usr/src/app/actions-runner'
[2023-06-17 03:00:37Z INFO HostContext] Well known config file 'Credentials': '/usr/src/app/actions-runner/.credentials'
[2023-06-17 03:00:38Z INFO HostContext] Well known directory 'Bin': '/usr/src/app/actions-runner/bin'
[2023-06-17 03:00:38Z INFO HostContext] Well known directory 'Root': '/usr/src/app/actions-runner'
[2023-06-17 03:00:38Z INFO HostContext] Well known config file 'Runner': '/usr/src/app/actions-runner/.runner'
[2023-06-17 03:00:38Z INFO Listener] Runner is built for Linux (X64) - linux-x64.
[2023-06-17 03:00:38Z INFO Listener] RuntimeInformation: Linux 5.15.49-linuxkit #1 SMP PREEMPT Tue Sep 13 07:51:32 UTC 2022.
[2023-06-17 03:00:38Z INFO Listener] Version: 2.305.0
[2023-06-17 03:00:38Z INFO Listener] Commit: 6cbe663c239dba8a109c6ac2801b25f1ed7c51e9
[2023-06-17 03:00:38Z INFO Listener] Culture: 
[2023-06-17 03:00:38Z INFO Listener] UI Culture: 
[2023-06-17 03:00:38Z INFO HostContext] Well known directory 'Bin': '/usr/src/app/actions-runner/bin'
[2023-06-17 03:00:38Z INFO HostContext] Well known directory 'Root': '/usr/src/app/actions-runner'
[2023-06-17 03:00:38Z INFO Listener] Validating directory permissions for: '/usr/src/app/actions-runner'
[2023-06-17 03:00:38Z INFO CommandLineParser] Parse
[2023-06-17 03:00:38Z INFO CommandLineParser] Parsing 1 args
[2023-06-17 03:00:38Z INFO CommandLineParser] parsing argument
[2023-06-17 03:00:38Z INFO CommandLineParser] HasArgs: False
[2023-06-17 03:00:38Z INFO CommandLineParser] Adding Command: run
[2023-06-17 03:00:38Z INFO Listener] Arguments parsed
[2023-06-17 03:00:38Z INFO Runner] ExecuteCommand
[2023-06-17 03:00:38Z INFO ConfigurationStore] currentAssemblyLocation: /usr/src/app/actions-runner/bin/Runner.Listener.dll
[2023-06-17 03:00:38Z INFO HostContext] Well known directory 'Bin': '/usr/src/app/actions-runner/bin'
[2023-06-17 03:00:38Z INFO ConfigurationStore] binPath: /usr/src/app/actions-runner/bin
[2023-06-17 03:00:38Z INFO HostContext] Well known directory 'Bin': '/usr/src/app/actions-runner/bin'
[2023-06-17 03:00:38Z INFO HostContext] Well known directory 'Root': '/usr/src/app/actions-runner'
[2023-06-17 03:00:38Z INFO ConfigurationStore] RootFolder: /usr/src/app/actions-runner
[2023-06-17 03:00:38Z INFO HostContext] Well known directory 'Bin': '/usr/src/app/actions-runner/bin'
[2023-06-17 03:00:38Z INFO HostContext] Well known directory 'Root': '/usr/src/app/actions-runner'
[2023-06-17 03:00:38Z INFO HostContext] Well known config file 'Runner': '/usr/src/app/actions-runner/.runner'
[2023-06-17 03:00:38Z INFO ConfigurationStore] ConfigFilePath: /usr/src/app/actions-runner/.runner
[2023-06-17 03:00:38Z INFO HostContext] Well known directory 'Bin': '/usr/src/app/actions-runner/bin'
[2023-06-17 03:00:38Z INFO HostContext] Well known directory 'Root': '/usr/src/app/actions-runner'
[2023-06-17 03:00:38Z INFO HostContext] Well known config file 'Credentials': '/usr/src/app/actions-runner/.credentials'
[2023-06-17 03:00:38Z INFO ConfigurationStore] CredFilePath: /usr/src/app/actions-runner/.credentials
[2023-06-17 03:00:38Z INFO HostContext] Well known directory 'Bin': '/usr/src/app/actions-runner/bin'
[2023-06-17 03:00:38Z INFO HostContext] Well known directory 'Root': '/usr/src/app/actions-runner'
[2023-06-17 03:00:38Z INFO HostContext] Well known config file 'MigratedCredentials': '/usr/src/app/actions-runner/.credentials_migrated'
[2023-06-17 03:00:38Z INFO ConfigurationStore] MigratedCredFilePath: /usr/src/app/actions-runner/.credentials_migrated
[2023-06-17 03:00:38Z INFO HostContext] Well known directory 'Bin': '/usr/src/app/actions-runner/bin'
[2023-06-17 03:00:38Z INFO HostContext] Well known directory 'Root': '/usr/src/app/actions-runner'
[2023-06-17 03:00:38Z INFO HostContext] Well known config file 'Service': '/usr/src/app/actions-runner/.service'
[2023-06-17 03:00:38Z INFO ConfigurationStore] ServiceConfigFilePath: /usr/src/app/actions-runner/.service
[2023-06-17 03:00:38Z INFO CommandSettings] Flag 'help': 'False'
[2023-06-17 03:00:38Z INFO CommandSettings] Flag 'version': 'False'
[2023-06-17 03:00:38Z INFO CommandSettings] Flag 'commit': 'False'
[2023-06-17 03:00:38Z INFO CommandSettings] Flag 'check': 'False'
[2023-06-17 03:00:38Z INFO CommandSettings] Command 'configure': 'False'
[2023-06-17 03:00:38Z INFO CommandSettings] Command 'remove': 'False'
[2023-06-17 03:00:38Z INFO CommandSettings] Command 'warmup': 'False'
[2023-06-17 03:00:38Z INFO ConfigurationManager] LoadSettings
[2023-06-17 03:00:38Z INFO ConfigurationStore] IsConfigured()
[2023-06-17 03:00:38Z INFO ConfigurationStore] IsConfigured: True
[2023-06-17 03:00:38Z INFO ConfigurationManager] Is configured: True
[2023-06-17 03:00:38Z INFO ConfigurationStore] Read setting file: 307 chars
[2023-06-17 03:00:38Z INFO ConfigurationManager] Settings Loaded
[2023-06-17 03:00:38Z INFO ConfigurationStore] IsServiceConfigured()
[2023-06-17 03:00:38Z INFO ConfigurationStore] IsServiceConfigured: False
[2023-06-17 03:00:38Z INFO CommandSettings] Command 'run': 'True'
[2023-06-17 03:00:38Z INFO ConfigurationStore] IsConfigured()
[2023-06-17 03:00:38Z INFO ConfigurationStore] IsConfigured: True
[2023-06-17 03:00:38Z INFO ConfigurationManager] Is configured: True
[2023-06-17 03:00:38Z INFO Runner] Could not parse the argument value '' for StartupType. Defaulting to Manual
[2023-06-17 03:00:38Z INFO Runner] Set runner startup type - Manual
[2023-06-17 03:00:38Z INFO CommandSettings] Flag 'once': 'False'
[2023-06-17 03:00:38Z INFO CommandSettings] Flag 'once': 'False'
[2023-06-17 03:00:38Z INFO Runner] RunAsync
[2023-06-17 03:00:39Z INFO ConfigurationManager] LoadSettings
[2023-06-17 03:00:39Z INFO ConfigurationStore] IsConfigured()
[2023-06-17 03:00:39Z INFO ConfigurationStore] IsConfigured: True
[2023-06-17 03:00:39Z INFO ConfigurationManager] Is configured: True
[2023-06-17 03:00:39Z INFO ConfigurationManager] Settings Loaded
[2023-06-17 03:00:39Z INFO MessageListener] {
  "AgentId": 24,
  "AgentName": "5398ccb646be",
  "PoolId": 1,
  "PoolName": "Default",
  "ServerUrl": "https://pipelines.actions.githubusercontent.com/6n9YdM5l1jhJ5fTwqLVRjaC2kWZ9SuphynErDEtFofg9Ku2iet",
  "GitHubUrl": "https://github.com/cu-ecen-aeld/assignment-1-petercorrea",
  "WorkFolder": "_work"
}
[2023-06-17 03:00:39Z INFO MessageListener] Loading Credentials
[2023-06-17 03:00:39Z INFO ConfigurationStore] HasCredentials()
[2023-06-17 03:00:39Z INFO ConfigurationStore] stored True
[2023-06-17 03:00:39Z INFO CredentialManager] GetCredentialProvider
[2023-06-17 03:00:39Z INFO CredentialManager] Creating type OAuth
[2023-06-17 03:00:39Z INFO CredentialManager] Creating credential type: OAuth
[2023-06-17 03:00:39Z INFO HostContext] Well known directory 'Bin': '/usr/src/app/actions-runner/bin'
[2023-06-17 03:00:39Z INFO HostContext] Well known directory 'Root': '/usr/src/app/actions-runner'
[2023-06-17 03:00:39Z INFO HostContext] Well known config file 'RSACredentials': '/usr/src/app/actions-runner/.credentials_rsaparams'
[2023-06-17 03:00:39Z INFO RSAFileKeyManager] Loading RSA key parameters from file /usr/src/app/actions-runner/.credentials_rsaparams
[2023-06-17 03:00:39Z INFO MessageListener] Attempt to create session.
[2023-06-17 03:00:39Z INFO MessageListener] Connecting to the Runner Server...
[2023-06-17 03:00:39Z INFO RunnerServer] EstablishVssConnection
[2023-06-17 03:00:39Z INFO RunnerServer] Establish connection with 100 seconds timeout.
[2023-06-17 03:00:39Z INFO GitHubActionsService] Starting operation Location.GetConnectionData
[2023-06-17 03:00:39Z INFO RunnerServer] EstablishVssConnection
[2023-06-17 03:00:39Z INFO RunnerServer] Establish connection with 60 seconds timeout.
[2023-06-17 03:00:39Z INFO GitHubActionsService] Starting operation Location.GetConnectionData
[2023-06-17 03:00:39Z INFO RunnerServer] EstablishVssConnection
[2023-06-17 03:00:39Z INFO RunnerServer] Establish connection with 60 seconds timeout.
[2023-06-17 03:00:39Z INFO GitHubActionsService] Starting operation Location.GetConnectionData
[2023-06-17 03:00:40Z INFO GitHubActionsService] Finished operation Location.GetConnectionData
[2023-06-17 03:00:40Z INFO GitHubActionsService] Finished operation Location.GetConnectionData
[2023-06-17 03:00:41Z INFO GitHubActionsService] Finished operation Location.GetConnectionData
[2023-06-17 03:00:41Z INFO MessageListener] VssConnection created
[2023-06-17 03:00:41Z INFO Terminal] WRITE LINE: 
[2023-06-17 03:00:41Z INFO Terminal] WRITE LINE: 
[2023-06-17 03:00:41Z INFO RSAFileKeyManager] Loading RSA key parameters from file /usr/src/app/actions-runner/.credentials_rsaparams
[2023-06-17 03:00:41Z INFO RSAFileKeyManager] Loading RSA key parameters from file /usr/src/app/actions-runner/.credentials_rsaparams
[2023-06-17 03:00:41Z INFO GitHubActionsService] AAD Correlation ID for this token request: Unknown
[2023-06-17 03:00:41Z INFO MessageListener] Session created.
[2023-06-17 03:00:41Z INFO Terminal] WRITE LINE: Current runner version: '2.305.0'
[2023-06-17 03:00:41Z INFO Terminal] WRITE LINE: 2023-06-17 03:00:41Z: Listening for Jobs
[2023-06-17 03:00:41Z INFO JobDispatcher] Set runner/worker IPC timeout to 30 seconds.
[2023-06-17 03:01:20Z INFO RSAFileKeyManager] Loading RSA key parameters from file /usr/src/app/actions-runner/.credentials_rsaparams
[2023-06-17 03:01:20Z INFO MessageListener] Message '37' received from session '1f9719e3-ace7-44eb-a880-ab1a0d8c5300'.
[2023-06-17 03:01:20Z INFO Runner] Received job message of length 23036 from service, with hash 'c8d346ea8c0100120b5761e0efd161fd32b21314993d10d172de3f09af101272'
[2023-06-17 03:01:20Z INFO JobDispatcher] Job request 39 for plan 3148bb2e-9133-41c7-8a2f-9f85129d7cfd job a047640a-23da-5e9b-1ef8-917a09b3753a received.
[2023-06-17 03:01:20Z INFO JobDispatcher] Pull OrchestrationId 3148bb2e-9133-41c7-8a2f-9f85129d7cfd.full-test.__default from JWT claims
[2023-06-17 03:01:20Z INFO Terminal] WRITE LINE: 2023-06-17 03:01:20Z: Running job: full-test
[2023-06-17 03:01:20Z INFO JobDispatcher] Start renew job request 39 for job a047640a-23da-5e9b-1ef8-917a09b3753a.
[2023-06-17 03:01:21Z INFO JobDispatcher] Successfully renew job request 39, job is valid till 06/17/2023 03:11:21
[2023-06-17 03:01:21Z INFO HostContext] Well known directory 'Bin': '/usr/src/app/actions-runner/bin'
[2023-06-17 03:01:21Z INFO ProcessInvokerWrapper] Starting process:
[2023-06-17 03:01:21Z INFO ProcessInvokerWrapper]   File name: '/usr/src/app/actions-runner/bin/Runner.Worker'
[2023-06-17 03:01:21Z INFO ProcessInvokerWrapper]   Arguments: 'spawnclient 106 109'
[2023-06-17 03:01:21Z INFO ProcessInvokerWrapper]   Working directory: '/usr/src/app/actions-runner/bin'
[2023-06-17 03:01:21Z INFO ProcessInvokerWrapper]   Require exit code zero: 'False'
[2023-06-17 03:01:21Z INFO ProcessInvokerWrapper]   Encoding web name:  ; code page: ''
[2023-06-17 03:01:21Z INFO ProcessInvokerWrapper]   Force kill process on cancellation: 'True'
[2023-06-17 03:01:21Z INFO ProcessInvokerWrapper]   Redirected STDIN: 'False'
[2023-06-17 03:01:21Z INFO ProcessInvokerWrapper]   Persist current code page: 'False'
[2023-06-17 03:01:21Z INFO ProcessInvokerWrapper]   Keep redirected STDIN open: 'False'
[2023-06-17 03:01:21Z INFO ProcessInvokerWrapper]   High priority process: 'True'
[2023-06-17 03:01:21Z INFO ProcessInvokerWrapper] Process started with process id 504, waiting for process exit.
[2023-06-17 03:01:21Z INFO JobDispatcher] Send job request message to worker for job a047640a-23da-5e9b-1ef8-917a09b3753a.
[2023-06-17 03:01:21Z INFO ProcessChannel] Sending message of length 23036, with hash 'c8d346ea8c0100120b5761e0efd161fd32b21314993d10d172de3f09af101272'
[2023-06-17 03:01:21Z INFO JobNotification] Entering JobStarted Notification
[2023-06-17 03:01:21Z INFO JobNotification] Entering StartMonitor
[2023-06-17 03:01:38Z INFO ProcessInvokerWrapper] STDOUT/STDERR stream read finished.
[2023-06-17 03:01:38Z INFO ProcessInvokerWrapper] STDOUT/STDERR stream read finished.
[2023-06-17 03:01:38Z INFO ProcessInvokerWrapper] Finished process 504 with exit code 102, and elapsed time 00:00:17.0356092.
[2023-06-17 03:01:38Z INFO JobDispatcher] Worker finished for job a047640a-23da-5e9b-1ef8-917a09b3753a. Code: 102
[2023-06-17 03:01:38Z INFO JobDispatcher] finish job request for job a047640a-23da-5e9b-1ef8-917a09b3753a with result: Failed
[2023-06-17 03:01:38Z INFO Terminal] WRITE LINE: 2023-06-17 03:01:38Z: Job full-test completed with result: Failed
[2023-06-17 03:01:38Z INFO JobDispatcher] Stop renew job request for job a047640a-23da-5e9b-1ef8-917a09b3753a.
[2023-06-17 03:01:38Z INFO JobDispatcher] job renew has been cancelled, stop renew job request 39.
[2023-06-17 03:01:38Z INFO JobNotification] Entering JobCompleted Notification
[2023-06-17 03:01:38Z INFO JobNotification] Entering EndMonitor
[2023-06-17 03:01:41Z INFO RSAFileKeyManager] Loading RSA key parameters from file /usr/src/app/actions-runner/.credentials_rsaparams
[2023-06-17 03:01:41Z INFO MessageListener] Message '38' received from session '1f9719e3-ace7-44eb-a880-ab1a0d8c5300'.
[2023-06-17 03:01:41Z INFO Runner] Received job message of length 23034 from service, with hash 'e973a370d85e6728ac3f15eb53eca81adf71ba2e828856c2b28a01cef993b2c1'
[2023-06-17 03:01:41Z INFO JobDispatcher] Job request 40 for plan 3148bb2e-9133-41c7-8a2f-9f85129d7cfd job 0e10f8dd-85b5-5bee-19c6-47fc7db6f171 received.
[2023-06-17 03:01:41Z INFO JobDispatcher] Pull OrchestrationId 3148bb2e-9133-41c7-8a2f-9f85129d7cfd.unit-test.__default from JWT claims
[2023-06-17 03:01:41Z INFO JobDispatcher] Job request a047640a-23da-5e9b-1ef8-917a09b3753a processed succeed.
[2023-06-17 03:01:41Z INFO Terminal] WRITE LINE: 2023-06-17 03:01:41Z: Running job: unit-test
[2023-06-17 03:01:41Z INFO JobDispatcher] Start renew job request 40 for job 0e10f8dd-85b5-5bee-19c6-47fc7db6f171.
[2023-06-17 03:01:41Z INFO JobDispatcher] Successfully renew job request 40, job is valid till 06/17/2023 03:11:41
[2023-06-17 03:01:41Z INFO HostContext] Well known directory 'Bin': '/usr/src/app/actions-runner/bin'
[2023-06-17 03:01:41Z INFO ProcessInvokerWrapper] Starting process:
[2023-06-17 03:01:41Z INFO ProcessInvokerWrapper]   File name: '/usr/src/app/actions-runner/bin/Runner.Worker'
[2023-06-17 03:01:41Z INFO ProcessInvokerWrapper]   Arguments: 'spawnclient 106 109'
[2023-06-17 03:01:41Z INFO ProcessInvokerWrapper]   Working directory: '/usr/src/app/actions-runner/bin'
[2023-06-17 03:01:41Z INFO ProcessInvokerWrapper]   Require exit code zero: 'False'
[2023-06-17 03:01:41Z INFO ProcessInvokerWrapper]   Encoding web name:  ; code page: ''
[2023-06-17 03:01:41Z INFO ProcessInvokerWrapper]   Force kill process on cancellation: 'True'
[2023-06-17 03:01:41Z INFO ProcessInvokerWrapper]   Redirected STDIN: 'False'
[2023-06-17 03:01:41Z INFO ProcessInvokerWrapper]   Persist current code page: 'False'
[2023-06-17 03:01:41Z INFO ProcessInvokerWrapper]   Keep redirected STDIN open: 'False'
[2023-06-17 03:01:41Z INFO ProcessInvokerWrapper]   High priority process: 'True'
[2023-06-17 03:01:41Z INFO ProcessInvokerWrapper] Process started with process id 734, waiting for process exit.
[2023-06-17 03:01:41Z INFO JobDispatcher] Send job request message to worker for job 0e10f8dd-85b5-5bee-19c6-47fc7db6f171.
[2023-06-17 03:01:41Z INFO ProcessChannel] Sending message of length 23034, with hash 'e973a370d85e6728ac3f15eb53eca81adf71ba2e828856c2b28a01cef993b2c1'
[2023-06-17 03:01:41Z INFO JobNotification] Entering JobStarted Notification
[2023-06-17 03:01:41Z INFO JobNotification] Entering StartMonitor
[2023-06-17 03:01:58Z INFO ProcessInvokerWrapper] STDOUT/STDERR stream read finished.
[2023-06-17 03:01:58Z INFO ProcessInvokerWrapper] STDOUT/STDERR stream read finished.
[2023-06-17 03:01:58Z INFO ProcessInvokerWrapper] Finished process 734 with exit code 102, and elapsed time 00:00:17.0038779.
[2023-06-17 03:01:58Z INFO JobDispatcher] Worker finished for job 0e10f8dd-85b5-5bee-19c6-47fc7db6f171. Code: 102
[2023-06-17 03:01:58Z INFO JobDispatcher] finish job request for job 0e10f8dd-85b5-5bee-19c6-47fc7db6f171 with result: Failed
[2023-06-17 03:01:58Z INFO Terminal] WRITE LINE: 2023-06-17 03:01:58Z: Job unit-test completed with result: Failed
[2023-06-17 03:01:58Z INFO JobDispatcher] Stop renew job request for job 0e10f8dd-85b5-5bee-19c6-47fc7db6f171.
[2023-06-17 03:01:58Z INFO JobDispatcher] job renew has been cancelled, stop renew job request 40.
[2023-06-17 03:01:58Z INFO JobNotification] Entering JobCompleted Notification
[2023-06-17 03:01:58Z INFO JobNotification] Entering EndMonitor
[2023-06-17 03:31:48Z INFO MessageListener] No message retrieved from session '1f9719e3-ace7-44eb-a880-ab1a0d8c5300' within last 30 minutes.
[2023-06-17 03:41:15Z INFO RSAFileKeyManager] Loading RSA key parameters from file /usr/src/app/actions-runner/.credentials_rsaparams
[2023-06-17 03:41:15Z ERR  GitHubActionsService] POST request to https://vstoken.actions.githubusercontent.com/_apis/oauth2/token/74cab714-1d38-459a-b59d-53fa6d3f0e17 failed. HTTP Status: BadRequest, AFD Ref: Ref A: A779E1A501F64FA2B42493D4F02CB1FE Ref B: MIA301000102017 Ref C: 2023-06-17T04:04:44Z
[2023-06-17 03:41:15Z INFO GitHubActionsService] AAD Correlation ID for this token request: Unknown
[2023-06-17 03:41:15Z ERR  MessageListener] Catch exception during get next message.
[2023-06-17 03:41:15Z ERR  MessageListener] GitHub.Services.OAuth.VssOAuthTokenRequestException: The token expired on 6/17/2023 3:46:15 AM. Current server time is 6/17/2023 4:04:44 AM.
   at GitHub.Services.OAuth.VssOAuthTokenProvider.OnGetTokenAsync(IssuedToken failedToken, CancellationToken cancellationToken)
   at GitHub.Services.Common.IssuedTokenProvider.GetTokenOperation.GetTokenAsync(VssTraceActivity traceActivity)
   at GitHub.Services.Common.IssuedTokenProvider.GetTokenAsync(IssuedToken failedToken, CancellationToken cancellationToken)
   at GitHub.Services.Common.VssHttpMessageHandler.SendAsync(HttpRequestMessage request, CancellationToken cancellationToken)
   at GitHub.Services.Common.VssHttpRetryMessageHandler.SendAsync(HttpRequestMessage request, CancellationToken cancellationToken)
   at System.Net.Http.HttpClient.<SendAsync>g__Core|83_0(HttpRequestMessage request, HttpCompletionOption completionOption, CancellationTokenSource cts, Boolean disposeCts, CancellationTokenSource pendingRequestsCts, CancellationToken originalCancellationToken)
   at GitHub.Services.WebApi.VssHttpClientBase.SendAsync(HttpRequestMessage message, HttpCompletionOption completionOption, Object userState, CancellationToken cancellationToken)
   at GitHub.Services.WebApi.VssHttpClientBase.SendAsync[T](HttpRequestMessage message, Object userState, CancellationToken cancellationToken)
   at GitHub.Services.WebApi.VssHttpClientBase.SendAsync[T](HttpMethod method, IEnumerable`1 additionalHeaders, Guid locationId, Object routeValues, ApiResourceVersion version, HttpContent content, IEnumerable`1 queryParameters, Object userState, CancellationToken cancellationToken)
   at GitHub.Runner.Listener.MessageListener.GetNextMessageAsync(CancellationToken token)
[2023-06-17 03:41:15Z INFO MessageListener] Retriable exception: The token expired on 6/17/2023 3:46:15 AM. Current server time is 6/17/2023 4:04:44 AM.
[2023-06-17 03:41:15Z ERR  Terminal] WRITE ERROR: 2023-06-17 03:41:15Z: Runner connect error: The token expired on 6/17/2023 3:46:15 AM. Current server time is 6/17/2023 4:04:44 AM.. Retrying until reconnected.
[2023-06-17 03:41:15Z INFO RunnerServer] Refresh MessageQueue VssConnection to get on a different AFD node.
[2023-06-17 03:41:15Z INFO RunnerServer] EstablishVssConnection
[2023-06-17 03:41:15Z INFO RunnerServer] Establish connection with 60 seconds timeout.
[2023-06-17 03:41:15Z INFO GitHubActionsService] Starting operation Location.GetConnectionData
[2023-06-17 03:41:15Z INFO GitHubActionsService] Finished operation Location.GetConnectionData
[2023-06-17 03:41:16Z INFO MessageListener] Sleeping for 25.893 seconds before retrying.
[2023-06-17 04:05:10Z INFO RSAFileKeyManager] Loading RSA key parameters from file /usr/src/app/actions-runner/.credentials_rsaparams
[2023-06-17 04:05:11Z INFO GitHubActionsService] AAD Correlation ID for this token request: Unknown
[2023-06-17 04:20:58Z WARN GitHubActionsService] GET request to https://pipelines.actions.githubusercontent.com/6n9YdM5l1jhJ5fTwqLVRjaC2kWZ9SuphynErDEtFofg9Ku2iet/_apis/distributedtask/pools/1/messages?sessionId=1f9719e3-ace7-44eb-a880-ab1a0d8c5300&lastMessageId=38&status=Online&runnerVersion=2.305.0 timed out after 60 seconds.
[2023-06-17 04:20:58Z ERR  MessageListener] Catch exception during get next message.
[2023-06-17 04:20:58Z ERR  MessageListener] System.TimeoutException: The HTTP request timed out after 00:01:00.
 ---> System.Threading.Tasks.TaskCanceledException: The operation was canceled.
 ---> System.IO.IOException: Unable to read data from the transport connection: Operation canceled.
 ---> System.Net.Sockets.SocketException (125): Operation canceled
   --- End of inner exception stack trace ---
   at System.Net.Sockets.Socket.AwaitableSocketAsyncEventArgs.ThrowException(SocketError error, CancellationToken cancellationToken)
   at System.Net.Sockets.Socket.AwaitableSocketAsyncEventArgs.System.Threading.Tasks.Sources.IValueTaskSource<System.Int32>.GetResult(Int16 token)
   at System.Net.Security.SslStream.EnsureFullTlsFrameAsync[TIOAdapter](TIOAdapter adapter)
   at System.Net.Security.SslStream.ReadAsyncInternal[TIOAdapter](TIOAdapter adapter, Memory`1 buffer)
   at System.Net.Http.HttpConnection.InitialFillAsync(Boolean async)
   at System.Net.Http.HttpConnection.SendAsyncCore(HttpRequestMessage request, Boolean async, CancellationToken cancellationToken)
   --- End of inner exception stack trace ---
   at System.Net.Http.HttpConnection.SendAsyncCore(HttpRequestMessage request, Boolean async, CancellationToken cancellationToken)
   at System.Net.Http.AuthenticationHelper.SendWithNtAuthAsync(HttpRequestMessage request, Uri authUri, Boolean async, ICredentials credentials, Boolean isProxyAuth, HttpConnection connection, HttpConnectionPool connectionPool, CancellationToken cancellationToken)
   at System.Net.Http.HttpConnectionPool.SendWithVersionDetectionAndRetryAsync(HttpRequestMessage request, Boolean async, Boolean doRequestAuth, CancellationToken cancellationToken)
   at System.Net.Http.AuthenticationHelper.SendWithAuthAsync(HttpRequestMessage request, Uri authUri, Boolean async, ICredentials credentials, Boolean preAuthenticate, Boolean isProxyAuth, Boolean doRequestAuth, HttpConnectionPool pool, CancellationToken cancellationToken)
   at System.Net.Http.DecompressionHandler.SendAsync(HttpRequestMessage request, Boolean async, CancellationToken cancellationToken)
   at GitHub.Services.Common.VssHttpMessageHandler.SendAsync(HttpRequestMessage request, CancellationToken cancellationToken)
   --- End of inner exception stack trace ---
   at GitHub.Services.Common.VssHttpMessageHandler.SendAsync(HttpRequestMessage request, CancellationToken cancellationToken)
   at GitHub.Services.Common.VssHttpRetryMessageHandler.SendAsync(HttpRequestMessage request, CancellationToken cancellationToken)
   at System.Net.Http.HttpClient.<SendAsync>g__Core|83_0(HttpRequestMessage request, HttpCompletionOption completionOption, CancellationTokenSource cts, Boolean disposeCts, CancellationTokenSource pendingRequestsCts, CancellationToken originalCancellationToken)
   at GitHub.Services.WebApi.VssHttpClientBase.SendAsync(HttpRequestMessage message, HttpCompletionOption completionOption, Object userState, CancellationToken cancellationToken)
   at GitHub.Services.WebApi.VssHttpClientBase.SendAsync[T](HttpRequestMessage message, Object userState, CancellationToken cancellationToken)
   at GitHub.Services.WebApi.VssHttpClientBase.SendAsync[T](HttpMethod method, IEnumerable`1 additionalHeaders, Guid locationId, Object routeValues, ApiResourceVersion version, HttpContent content, IEnumerable`1 queryParameters, Object userState, CancellationToken cancellationToken)
   at GitHub.Runner.Listener.MessageListener.GetNextMessageAsync(CancellationToken token)
[2023-06-17 04:20:58Z ERR  MessageListener] #####################################################
[2023-06-17 04:20:58Z ERR  MessageListener] System.Threading.Tasks.TaskCanceledException: The operation was canceled.
 ---> System.IO.IOException: Unable to read data from the transport connection: Operation canceled.
 ---> System.Net.Sockets.SocketException (125): Operation canceled
   --- End of inner exception stack trace ---
   at System.Net.Sockets.Socket.AwaitableSocketAsyncEventArgs.ThrowException(SocketError error, CancellationToken cancellationToken)
   at System.Net.Sockets.Socket.AwaitableSocketAsyncEventArgs.System.Threading.Tasks.Sources.IValueTaskSource<System.Int32>.GetResult(Int16 token)
   at System.Net.Security.SslStream.EnsureFullTlsFrameAsync[TIOAdapter](TIOAdapter adapter)
   at System.Net.Security.SslStream.ReadAsyncInternal[TIOAdapter](TIOAdapter adapter, Memory`1 buffer)
   at System.Net.Http.HttpConnection.InitialFillAsync(Boolean async)
   at System.Net.Http.HttpConnection.SendAsyncCore(HttpRequestMessage request, Boolean async, CancellationToken cancellationToken)
   --- End of inner exception stack trace ---
   at System.Net.Http.HttpConnection.SendAsyncCore(HttpRequestMessage request, Boolean async, CancellationToken cancellationToken)
   at System.Net.Http.AuthenticationHelper.SendWithNtAuthAsync(HttpRequestMessage request, Uri authUri, Boolean async, ICredentials credentials, Boolean isProxyAuth, HttpConnection connection, HttpConnectionPool connectionPool, CancellationToken cancellationToken)
   at System.Net.Http.HttpConnectionPool.SendWithVersionDetectionAndRetryAsync(HttpRequestMessage request, Boolean async, Boolean doRequestAuth, CancellationToken cancellationToken)
   at System.Net.Http.AuthenticationHelper.SendWithAuthAsync(HttpRequestMessage request, Uri authUri, Boolean async, ICredentials credentials, Boolean preAuthenticate, Boolean isProxyAuth, Boolean doRequestAuth, HttpConnectionPool pool, CancellationToken cancellationToken)
   at System.Net.Http.DecompressionHandler.SendAsync(HttpRequestMessage request, Boolean async, CancellationToken cancellationToken)
   at GitHub.Services.Common.VssHttpMessageHandler.SendAsync(HttpRequestMessage request, CancellationToken cancellationToken)
[2023-06-17 04:20:58Z ERR  MessageListener] #####################################################
[2023-06-17 04:20:58Z ERR  MessageListener] System.IO.IOException: Unable to read data from the transport connection: Operation canceled.
 ---> System.Net.Sockets.SocketException (125): Operation canceled
   --- End of inner exception stack trace ---
   at System.Net.Sockets.Socket.AwaitableSocketAsyncEventArgs.ThrowException(SocketError error, CancellationToken cancellationToken)
   at System.Net.Sockets.Socket.AwaitableSocketAsyncEventArgs.System.Threading.Tasks.Sources.IValueTaskSource<System.Int32>.GetResult(Int16 token)
   at System.Net.Security.SslStream.EnsureFullTlsFrameAsync[TIOAdapter](TIOAdapter adapter)
   at System.Net.Security.SslStream.ReadAsyncInternal[TIOAdapter](TIOAdapter adapter, Memory`1 buffer)
   at System.Net.Http.HttpConnection.InitialFillAsync(Boolean async)
   at System.Net.Http.HttpConnection.SendAsyncCore(HttpRequestMessage request, Boolean async, CancellationToken cancellationToken)
[2023-06-17 04:20:58Z ERR  MessageListener] #####################################################
[2023-06-17 04:20:58Z ERR  MessageListener] System.Net.Sockets.SocketException (125): Operation canceled
[2023-06-17 04:20:58Z INFO MessageListener] Retriable exception: The HTTP request timed out after 00:01:00.
[2023-06-17 04:20:58Z INFO RunnerServer] Refresh MessageQueue VssConnection to get on a different AFD node.
[2023-06-17 04:20:58Z INFO RunnerServer] EstablishVssConnection
[2023-06-17 04:20:58Z INFO RunnerServer] Establish connection with 60 seconds timeout.
[2023-06-17 04:20:58Z INFO GitHubActionsService] Starting operation Location.GetConnectionData
[2023-06-17 04:20:58Z INFO GitHubActionsService] Finished operation Location.GetConnectionData
[2023-06-17 04:20:58Z INFO MessageListener] Sleeping for 28.273 seconds before retrying.
[2023-06-17 05:42:39Z INFO RSAFileKeyManager] Loading RSA key parameters from file /usr/src/app/actions-runner/.credentials_rsaparams
[2023-06-17 05:42:40Z INFO GitHubActionsService] AAD Correlation ID for this token request: Unknown
[2023-06-17 06:09:27Z WARN GitHubActionsService] Authentication failed with status code 401.
Transfer-Encoding: chunked
WWW-Authenticate: Bearer
Strict-Transport-Security: max-age=2592000
X-TFS-ProcessId: f254b285-500d-42cc-a11c-cba0d291b1fe
ActivityId: ef8871a9-f096-41a3-b83a-9c296c8c85ab
X-TFS-Session: b9d8755c-add6-461c-8020-3d82e1ce8a1b
X-VSS-E2EID: f8af4c42-a0aa-45b2-9e08-73e435d525f3
X-VSS-SenderDeploymentId: f7faf8cf-7ae4-3f62-0792-ce64b15bce23
X-TFS-ServiceError: The+user+%27System%3aPublicAccess%3baaaaaaaa-aaaa-aaaa-aaaa-aaaaaaaaaaaa%27+is+not+authorized+to+access+this+resource.
X-VSS-S2STargetService: 0000005A-0000-8888-8000-000000000000/visualstudio.com
X-VSS-UserData: aaaaaaaa-aaaa-aaaa-aaaa-aaaaaaaaaaaa:System:PublicAccess;aaaaaaaa-aaaa-aaaa-aaaa-aaaaaaaaaaaa
X-Cache: CONFIG_NOCACHE
X-MSEdge-Ref: Ref A: 0DE2B77861CC45F395F4C14A8307AD0C Ref B: MIA301000107053 Ref C: 2023-06-17T07:10:31Z
Date: Sat, 17 Jun 2023 07:10:31 GMT

[2023-06-17 06:09:27Z INFO RSAFileKeyManager] Loading RSA key parameters from file /usr/src/app/actions-runner/.credentials_rsaparams
[2023-06-17 06:09:27Z ERR  GitHubActionsService] POST request to https://vstoken.actions.githubusercontent.com/_apis/oauth2/token/74cab714-1d38-459a-b59d-53fa6d3f0e17 failed. HTTP Status: BadRequest, AFD Ref: Ref A: C577D6955ADE49C2827121B98838B029 Ref B: MIAEDGE2307 Ref C: 2023-06-17T07:10:31Z
[2023-06-17 06:09:27Z INFO GitHubActionsService] AAD Correlation ID for this token request: Unknown
[2023-06-17 06:09:27Z ERR  MessageListener] Catch exception during get next message.
[2023-06-17 06:09:27Z ERR  MessageListener] GitHub.Services.OAuth.VssOAuthTokenRequestException: The token expired on 6/17/2023 6:14:27 AM. Current server time is 6/17/2023 7:10:31 AM.
   at GitHub.Services.OAuth.VssOAuthTokenProvider.OnGetTokenAsync(IssuedToken failedToken, CancellationToken cancellationToken)
   at GitHub.Services.Common.IssuedTokenProvider.GetTokenOperation.GetTokenAsync(VssTraceActivity traceActivity)
   at GitHub.Services.Common.IssuedTokenProvider.GetTokenAsync(IssuedToken failedToken, CancellationToken cancellationToken)
   at GitHub.Services.Common.VssHttpMessageHandler.SendAsync(HttpRequestMessage request, CancellationToken cancellationToken)
   at GitHub.Services.Common.VssHttpRetryMessageHandler.SendAsync(HttpRequestMessage request, CancellationToken cancellationToken)
   at System.Net.Http.HttpClient.<SendAsync>g__Core|83_0(HttpRequestMessage request, HttpCompletionOption completionOption, CancellationTokenSource cts, Boolean disposeCts, CancellationTokenSource pendingRequestsCts, CancellationToken originalCancellationToken)
   at GitHub.Services.WebApi.VssHttpClientBase.SendAsync(HttpRequestMessage message, HttpCompletionOption completionOption, Object userState, CancellationToken cancellationToken)
   at GitHub.Services.WebApi.VssHttpClientBase.SendAsync[T](HttpRequestMessage message, Object userState, CancellationToken cancellationToken)
   at GitHub.Services.WebApi.VssHttpClientBase.SendAsync[T](HttpMethod method, IEnumerable`1 additionalHeaders, Guid locationId, Object routeValues, ApiResourceVersion version, HttpContent content, IEnumerable`1 queryParameters, Object userState, CancellationToken cancellationToken)
   at GitHub.Runner.Listener.MessageListener.GetNextMessageAsync(CancellationToken token)
[2023-06-17 06:09:27Z INFO MessageListener] Retriable exception: The token expired on 6/17/2023 6:14:27 AM. Current server time is 6/17/2023 7:10:31 AM.
[2023-06-17 06:09:27Z INFO RunnerServer] Refresh MessageQueue VssConnection to get on a different AFD node.
[2023-06-17 06:09:27Z INFO RunnerServer] EstablishVssConnection
[2023-06-17 06:09:27Z INFO RunnerServer] Establish connection with 60 seconds timeout.
[2023-06-17 06:09:27Z INFO GitHubActionsService] Starting operation Location.GetConnectionData
[2023-06-17 06:09:27Z INFO GitHubActionsService] Finished operation Location.GetConnectionData
[2023-06-17 06:09:27Z INFO MessageListener] Sleeping for 18.857 seconds before retrying.
[2023-06-17 07:10:51Z INFO RSAFileKeyManager] Loading RSA key parameters from file /usr/src/app/actions-runner/.credentials_rsaparams
[2023-06-17 07:10:51Z INFO GitHubActionsService] AAD Correlation ID for this token request: Unknown
[2023-06-17 08:43:41Z WARN GitHubActionsService] Authentication failed with status code 401.
Transfer-Encoding: chunked
WWW-Authenticate: Bearer
Strict-Transport-Security: max-age=2592000
X-TFS-ProcessId: 6c4bc0b7-bd75-4554-9cd2-1252e17a4a4c
ActivityId: f9a9f5bc-df6d-417e-a2e5-d9f32318a160
X-TFS-Session: b9d8755c-add6-461c-8020-3d82e1ce8a1b
X-VSS-E2EID: 01294a4e-332e-4e00-801e-bc1553763b01
X-VSS-SenderDeploymentId: f7faf8cf-7ae4-3f62-0792-ce64b15bce23
X-TFS-ServiceError: The+user+%27System%3aPublicAccess%3baaaaaaaa-aaaa-aaaa-aaaa-aaaaaaaaaaaa%27+is+not+authorized+to+access+this+resource.
X-VSS-S2STargetService: 0000005A-0000-8888-8000-000000000000/visualstudio.com
X-VSS-UserData: aaaaaaaa-aaaa-aaaa-aaaa-aaaaaaaaaaaa:System:PublicAccess;aaaaaaaa-aaaa-aaaa-aaaa-aaaaaaaaaaaa
X-Cache: CONFIG_NOCACHE
X-MSEdge-Ref: Ref A: 6059A7C5F4654E988C0C9D2C077B5EAC Ref B: MIA301000108047 Ref C: 2023-06-17T08:43:41Z
Date: Sat, 17 Jun 2023 08:43:41 GMT

[2023-06-17 08:43:41Z INFO RSAFileKeyManager] Loading RSA key parameters from file /usr/src/app/actions-runner/.credentials_rsaparams
[2023-06-17 08:43:42Z ERR  GitHubActionsService] POST request to https://vstoken.actions.githubusercontent.com/_apis/oauth2/token/74cab714-1d38-459a-b59d-53fa6d3f0e17 failed. System.Net.Http.HttpRequestException: Cannot assign requested address (vstoken.actions.githubusercontent.com:443)
 ---> System.Net.Sockets.SocketException (99): Cannot assign requested address
   at System.Net.Sockets.Socket.AwaitableSocketAsyncEventArgs.ThrowException(SocketError error, CancellationToken cancellationToken)
   at System.Net.Sockets.Socket.AwaitableSocketAsyncEventArgs.System.Threading.Tasks.Sources.IValueTaskSource.GetResult(Int16 token)
   at System.Net.Sockets.Socket.<ConnectAsync>g__WaitForConnectWithCancellation|277_0(AwaitableSocketAsyncEventArgs saea, ValueTask connectTask, CancellationToken cancellationToken)
   at System.Net.Http.HttpConnectionPool.ConnectToTcpHostAsync(String host, Int32 port, HttpRequestMessage initialRequest, Boolean async, CancellationToken cancellationToken)
   --- End of inner exception stack trace ---
   at System.Net.Http.HttpConnectionPool.ConnectToTcpHostAsync(String host, Int32 port, HttpRequestMessage initialRequest, Boolean async, CancellationToken cancellationToken)
   at System.Net.Http.HttpConnectionPool.ConnectAsync(HttpRequestMessage request, Boolean async, CancellationToken cancellationToken)
   at System.Net.Http.HttpConnectionPool.CreateHttp11ConnectionAsync(HttpRequestMessage request, Boolean async, CancellationToken cancellationToken)
   at System.Net.Http.HttpConnectionPool.AddHttp11ConnectionAsync(HttpRequestMessage request)
   at System.Threading.Tasks.TaskCompletionSourceWithCancellation`1.WaitWithCancellationAsync(CancellationToken cancellationToken)
   at System.Net.Http.HttpConnectionPool.GetHttp11ConnectionAsync(HttpRequestMessage request, Boolean async, CancellationToken cancellationToken)
   at System.Net.Http.HttpConnectionPool.SendWithVersionDetectionAndRetryAsync(HttpRequestMessage request, Boolean async, Boolean doRequestAuth, CancellationToken cancellationToken)
   at System.Net.Http.RedirectHandler.SendAsync(HttpRequestMessage request, Boolean async, CancellationToken cancellationToken)
   at GitHub.Services.Common.VssHttpRetryMessageHandler.SendAsync(HttpRequestMessage request, CancellationToken cancellationToken)
[2023-06-17 08:43:42Z ERR  GitHubActionsService] GET request to https://pipelines.actions.githubusercontent.com/6n9YdM5l1jhJ5fTwqLVRjaC2kWZ9SuphynErDEtFofg9Ku2iet/_apis/distributedtask/pools/1/messages?sessionId=1f9719e3-ace7-44eb-a880-ab1a0d8c5300&lastMessageId=38&status=Online&runnerVersion=2.305.0 failed. System.Net.Http.HttpRequestException: Cannot assign requested address (vstoken.actions.githubusercontent.com:443)
 ---> System.Net.Sockets.SocketException (99): Cannot assign requested address
   at System.Net.Sockets.Socket.AwaitableSocketAsyncEventArgs.ThrowException(SocketError error, CancellationToken cancellationToken)
   at System.Net.Sockets.Socket.AwaitableSocketAsyncEventArgs.System.Threading.Tasks.Sources.IValueTaskSource.GetResult(Int16 token)
   at System.Net.Sockets.Socket.<ConnectAsync>g__WaitForConnectWithCancellation|277_0(AwaitableSocketAsyncEventArgs saea, ValueTask connectTask, CancellationToken cancellationToken)
   at System.Net.Http.HttpConnectionPool.ConnectToTcpHostAsync(String host, Int32 port, HttpRequestMessage initialRequest, Boolean async, CancellationToken cancellationToken)
   --- End of inner exception stack trace ---
   at GitHub.Services.Common.VssHttpRetryMessageHandler.SendAsync(HttpRequestMessage request, CancellationToken cancellationToken)
   at System.Net.Http.HttpClient.<SendAsync>g__Core|83_0(HttpRequestMessage request, HttpCompletionOption completionOption, CancellationTokenSource cts, Boolean disposeCts, CancellationTokenSource pendingRequestsCts, CancellationToken originalCancellationToken)
   at GitHub.Services.OAuth.VssOAuthTokenHttpClient.GetTokenAsync(VssOAuthGrant grant, VssOAuthClientCredential credential, VssOAuthTokenParameters tokenParameters, CancellationToken cancellationToken)
   at GitHub.Services.OAuth.VssOAuthTokenProvider.OnGetTokenAsync(IssuedToken failedToken, CancellationToken cancellationToken)
   at GitHub.Services.Common.IssuedTokenProvider.GetTokenOperation.GetTokenAsync(VssTraceActivity traceActivity)
   at GitHub.Services.Common.IssuedTokenProvider.GetTokenAsync(IssuedToken failedToken, CancellationToken cancellationToken)
   at GitHub.Services.Common.VssHttpMessageHandler.SendAsync(HttpRequestMessage request, CancellationToken cancellationToken)
   at GitHub.Services.Common.VssHttpRetryMessageHandler.SendAsync(HttpRequestMessage request, CancellationToken cancellationToken)
[2023-06-17 08:43:42Z ERR  MessageListener] Catch exception during get next message.
[2023-06-17 08:43:42Z ERR  MessageListener] System.Net.Http.HttpRequestException: Cannot assign requested address (vstoken.actions.githubusercontent.com:443)
 ---> System.Net.Sockets.SocketException (99): Cannot assign requested address
   at System.Net.Sockets.Socket.AwaitableSocketAsyncEventArgs.ThrowException(SocketError error, CancellationToken cancellationToken)
   at System.Net.Sockets.Socket.AwaitableSocketAsyncEventArgs.System.Threading.Tasks.Sources.IValueTaskSource.GetResult(Int16 token)
   at System.Net.Sockets.Socket.<ConnectAsync>g__WaitForConnectWithCancellation|277_0(AwaitableSocketAsyncEventArgs saea, ValueTask connectTask, CancellationToken cancellationToken)
   at System.Net.Http.HttpConnectionPool.ConnectToTcpHostAsync(String host, Int32 port, HttpRequestMessage initialRequest, Boolean async, CancellationToken cancellationToken)
   --- End of inner exception stack trace ---
   at GitHub.Services.Common.VssHttpRetryMessageHandler.SendAsync(HttpRequestMessage request, CancellationToken cancellationToken)
   at System.Net.Http.HttpClient.<SendAsync>g__Core|83_0(HttpRequestMessage request, HttpCompletionOption completionOption, CancellationTokenSource cts, Boolean disposeCts, CancellationTokenSource pendingRequestsCts, CancellationToken originalCancellationToken)
   at GitHub.Services.WebApi.VssHttpClientBase.SendAsync(HttpRequestMessage message, HttpCompletionOption completionOption, Object userState, CancellationToken cancellationToken)
   at GitHub.Services.WebApi.VssHttpClientBase.SendAsync[T](HttpRequestMessage message, Object userState, CancellationToken cancellationToken)
   at GitHub.Services.WebApi.VssHttpClientBase.SendAsync[T](HttpMethod method, IEnumerable`1 additionalHeaders, Guid locationId, Object routeValues, ApiResourceVersion version, HttpContent content, IEnumerable`1 queryParameters, Object userState, CancellationToken cancellationToken)
   at GitHub.Runner.Listener.MessageListener.GetNextMessageAsync(CancellationToken token)
[2023-06-17 08:43:42Z ERR  MessageListener] #####################################################
[2023-06-17 08:43:42Z ERR  MessageListener] System.Net.Sockets.SocketException (99): Cannot assign requested address
   at System.Net.Sockets.Socket.AwaitableSocketAsyncEventArgs.ThrowException(SocketError error, CancellationToken cancellationToken)
   at System.Net.Sockets.Socket.AwaitableSocketAsyncEventArgs.System.Threading.Tasks.Sources.IValueTaskSource.GetResult(Int16 token)
   at System.Net.Sockets.Socket.<ConnectAsync>g__WaitForConnectWithCancellation|277_0(AwaitableSocketAsyncEventArgs saea, ValueTask connectTask, CancellationToken cancellationToken)
   at System.Net.Http.HttpConnectionPool.ConnectToTcpHostAsync(String host, Int32 port, HttpRequestMessage initialRequest, Boolean async, CancellationToken cancellationToken)
[2023-06-17 08:43:42Z INFO MessageListener] Retriable exception: Cannot assign requested address (vstoken.actions.githubusercontent.com:443)
[2023-06-17 08:43:42Z INFO RunnerServer] Refresh MessageQueue VssConnection to get on a different AFD node.
[2023-06-17 08:43:42Z INFO RunnerServer] EstablishVssConnection
[2023-06-17 08:43:42Z INFO RunnerServer] Establish connection with 60 seconds timeout.
[2023-06-17 08:43:42Z INFO GitHubActionsService] Starting operation Location.GetConnectionData
[2023-06-17 08:43:42Z INFO GitHubActionsService] Finished operation Location.GetConnectionData
[2023-06-17 08:43:42Z INFO MessageListener] Sleeping for 16.505 seconds before retrying.
[2023-06-17 08:43:59Z INFO RSAFileKeyManager] Loading RSA key parameters from file /usr/src/app/actions-runner/.credentials_rsaparams
[2023-06-17 08:43:59Z ERR  GitHubActionsService] POST request to https://vstoken.actions.githubusercontent.com/_apis/oauth2/token/74cab714-1d38-459a-b59d-53fa6d3f0e17 failed. HTTP Status: BadRequest, AFD Ref: Ref A: 978BD76A166A4C2B9167E8C8D7BF187A Ref B: MIA301000103025 Ref C: 2023-06-17T09:00:53Z
[2023-06-17 08:43:59Z INFO GitHubActionsService] AAD Correlation ID for this token request: Unknown
[2023-06-17 08:43:59Z ERR  MessageListener] Catch exception during get next message.
[2023-06-17 08:43:59Z ERR  MessageListener] GitHub.Services.OAuth.VssOAuthTokenRequestException: The token expired on 6/17/2023 8:49:00 AM. Current server time is 6/17/2023 9:00:53 AM.
   at GitHub.Services.OAuth.VssOAuthTokenProvider.OnGetTokenAsync(IssuedToken failedToken, CancellationToken cancellationToken)
   at GitHub.Services.Common.IssuedTokenProvider.GetTokenOperation.GetTokenAsync(VssTraceActivity traceActivity)
   at GitHub.Services.Common.IssuedTokenProvider.GetTokenAsync(IssuedToken failedToken, CancellationToken cancellationToken)
   at GitHub.Services.Common.VssHttpMessageHandler.SendAsync(HttpRequestMessage request, CancellationToken cancellationToken)
   at GitHub.Services.Common.VssHttpRetryMessageHandler.SendAsync(HttpRequestMessage request, CancellationToken cancellationToken)
   at System.Net.Http.HttpClient.<SendAsync>g__Core|83_0(HttpRequestMessage request, HttpCompletionOption completionOption, CancellationTokenSource cts, Boolean disposeCts, CancellationTokenSource pendingRequestsCts, CancellationToken originalCancellationToken)
   at GitHub.Services.WebApi.VssHttpClientBase.SendAsync(HttpRequestMessage message, HttpCompletionOption completionOption, Object userState, CancellationToken cancellationToken)
   at GitHub.Services.WebApi.VssHttpClientBase.SendAsync[T](HttpRequestMessage message, Object userState, CancellationToken cancellationToken)
   at GitHub.Services.WebApi.VssHttpClientBase.SendAsync[T](HttpMethod method, IEnumerable`1 additionalHeaders, Guid locationId, Object routeValues, ApiResourceVersion version, HttpContent content, IEnumerable`1 queryParameters, Object userState, CancellationToken cancellationToken)
   at GitHub.Runner.Listener.MessageListener.GetNextMessageAsync(CancellationToken token)
[2023-06-17 08:43:59Z INFO MessageListener] Retriable exception: The token expired on 6/17/2023 8:49:00 AM. Current server time is 6/17/2023 9:00:53 AM.
[2023-06-17 08:43:59Z INFO RunnerServer] Refresh MessageQueue VssConnection to get on a different AFD node.
[2023-06-17 08:43:59Z INFO RunnerServer] EstablishVssConnection
[2023-06-17 08:43:59Z INFO RunnerServer] Establish connection with 60 seconds timeout.
[2023-06-17 08:43:59Z INFO GitHubActionsService] Starting operation Location.GetConnectionData
[2023-06-17 08:44:00Z INFO GitHubActionsService] Finished operation Location.GetConnectionData
[2023-06-17 08:44:00Z INFO MessageListener] Sleeping for 20.34 seconds before retrying.
[2023-06-17 09:01:14Z INFO RSAFileKeyManager] Loading RSA key parameters from file /usr/src/app/actions-runner/.credentials_rsaparams
[2023-06-17 09:01:14Z INFO GitHubActionsService] AAD Correlation ID for this token request: Unknown
[2023-06-17 09:24:31Z INFO Terminal] WRITE LINE: 2023-06-17 09:24:31Z: Runner reconnected.
[2023-06-17 09:54:19Z INFO RSAFileKeyManager] Loading RSA key parameters from file /usr/src/app/actions-runner/.credentials_rsaparams
[2023-06-17 09:54:19Z INFO GitHubActionsService] AAD Correlation ID for this token request: Unknown
[2023-06-17 10:00:46Z WARN GitHubActionsService] GET request to https://pipelines.actions.githubusercontent.com/6n9YdM5l1jhJ5fTwqLVRjaC2kWZ9SuphynErDEtFofg9Ku2iet/_apis/distributedtask/pools/1/messages?sessionId=1f9719e3-ace7-44eb-a880-ab1a0d8c5300&lastMessageId=38&status=Online&runnerVersion=2.305.0 timed out after 60 seconds.
[2023-06-17 10:00:46Z ERR  MessageListener] Catch exception during get next message.
[2023-06-17 10:00:46Z ERR  MessageListener] System.TimeoutException: The HTTP request timed out after 00:01:00.
 ---> System.Threading.Tasks.TaskCanceledException: The operation was canceled.
 ---> System.IO.IOException: Unable to read data from the transport connection: Operation canceled.
 ---> System.Net.Sockets.SocketException (125): Operation canceled
   --- End of inner exception stack trace ---
   at System.Net.Sockets.Socket.AwaitableSocketAsyncEventArgs.ThrowException(SocketError error, CancellationToken cancellationToken)
   at System.Net.Sockets.Socket.AwaitableSocketAsyncEventArgs.System.Threading.Tasks.Sources.IValueTaskSource<System.Int32>.GetResult(Int16 token)
   at System.Net.Security.SslStream.EnsureFullTlsFrameAsync[TIOAdapter](TIOAdapter adapter)
   at System.Net.Security.SslStream.ReadAsyncInternal[TIOAdapter](TIOAdapter adapter, Memory`1 buffer)
   at System.Net.Http.HttpConnection.InitialFillAsync(Boolean async)
   at System.Net.Http.HttpConnection.SendAsyncCore(HttpRequestMessage request, Boolean async, CancellationToken cancellationToken)
   --- End of inner exception stack trace ---
   at System.Net.Http.HttpConnection.SendAsyncCore(HttpRequestMessage request, Boolean async, CancellationToken cancellationToken)
   at System.Net.Http.AuthenticationHelper.SendWithNtAuthAsync(HttpRequestMessage request, Uri authUri, Boolean async, ICredentials credentials, Boolean isProxyAuth, HttpConnection connection, HttpConnectionPool connectionPool, CancellationToken cancellationToken)
   at System.Net.Http.HttpConnectionPool.SendWithVersionDetectionAndRetryAsync(HttpRequestMessage request, Boolean async, Boolean doRequestAuth, CancellationToken cancellationToken)
   at System.Net.Http.AuthenticationHelper.SendWithAuthAsync(HttpRequestMessage request, Uri authUri, Boolean async, ICredentials credentials, Boolean preAuthenticate, Boolean isProxyAuth, Boolean doRequestAuth, HttpConnectionPool pool, CancellationToken cancellationToken)
   at System.Net.Http.DecompressionHandler.SendAsync(HttpRequestMessage request, Boolean async, CancellationToken cancellationToken)
   at GitHub.Services.Common.VssHttpMessageHandler.SendAsync(HttpRequestMessage request, CancellationToken cancellationToken)
   --- End of inner exception stack trace ---
   at GitHub.Services.Common.VssHttpMessageHandler.SendAsync(HttpRequestMessage request, CancellationToken cancellationToken)
   at GitHub.Services.Common.VssHttpRetryMessageHandler.SendAsync(HttpRequestMessage request, CancellationToken cancellationToken)
   at System.Net.Http.HttpClient.<SendAsync>g__Core|83_0(HttpRequestMessage request, HttpCompletionOption completionOption, CancellationTokenSource cts, Boolean disposeCts, CancellationTokenSource pendingRequestsCts, CancellationToken originalCancellationToken)
   at GitHub.Services.WebApi.VssHttpClientBase.SendAsync(HttpRequestMessage message, HttpCompletionOption completionOption, Object userState, CancellationToken cancellationToken)
   at GitHub.Services.WebApi.VssHttpClientBase.SendAsync[T](HttpRequestMessage message, Object userState, CancellationToken cancellationToken)
   at GitHub.Services.WebApi.VssHttpClientBase.SendAsync[T](HttpMethod method, IEnumerable`1 additionalHeaders, Guid locationId, Object routeValues, ApiResourceVersion version, HttpContent content, IEnumerable`1 queryParameters, Object userState, CancellationToken cancellationToken)
   at GitHub.Runner.Listener.MessageListener.GetNextMessageAsync(CancellationToken token)
[2023-06-17 10:00:46Z ERR  MessageListener] #####################################################
[2023-06-17 10:00:46Z ERR  MessageListener] System.Threading.Tasks.TaskCanceledException: The operation was canceled.
 ---> System.IO.IOException: Unable to read data from the transport connection: Operation canceled.
 ---> System.Net.Sockets.SocketException (125): Operation canceled
   --- End of inner exception stack trace ---
   at System.Net.Sockets.Socket.AwaitableSocketAsyncEventArgs.ThrowException(SocketError error, CancellationToken cancellationToken)
   at System.Net.Sockets.Socket.AwaitableSocketAsyncEventArgs.System.Threading.Tasks.Sources.IValueTaskSource<System.Int32>.GetResult(Int16 token)
   at System.Net.Security.SslStream.EnsureFullTlsFrameAsync[TIOAdapter](TIOAdapter adapter)
   at System.Net.Security.SslStream.ReadAsyncInternal[TIOAdapter](TIOAdapter adapter, Memory`1 buffer)
   at System.Net.Http.HttpConnection.InitialFillAsync(Boolean async)
   at System.Net.Http.HttpConnection.SendAsyncCore(HttpRequestMessage request, Boolean async, CancellationToken cancellationToken)
   --- End of inner exception stack trace ---
   at System.Net.Http.HttpConnection.SendAsyncCore(HttpRequestMessage request, Boolean async, CancellationToken cancellationToken)
   at System.Net.Http.AuthenticationHelper.SendWithNtAuthAsync(HttpRequestMessage request, Uri authUri, Boolean async, ICredentials credentials, Boolean isProxyAuth, HttpConnection connection, HttpConnectionPool connectionPool, CancellationToken cancellationToken)
   at System.Net.Http.HttpConnectionPool.SendWithVersionDetectionAndRetryAsync(HttpRequestMessage request, Boolean async, Boolean doRequestAuth, CancellationToken cancellationToken)
   at System.Net.Http.AuthenticationHelper.SendWithAuthAsync(HttpRequestMessage request, Uri authUri, Boolean async, ICredentials credentials, Boolean preAuthenticate, Boolean isProxyAuth, Boolean doRequestAuth, HttpConnectionPool pool, CancellationToken cancellationToken)
   at System.Net.Http.DecompressionHandler.SendAsync(HttpRequestMessage request, Boolean async, CancellationToken cancellationToken)
   at GitHub.Services.Common.VssHttpMessageHandler.SendAsync(HttpRequestMessage request, CancellationToken cancellationToken)
[2023-06-17 10:00:46Z ERR  MessageListener] #####################################################
[2023-06-17 10:00:46Z ERR  MessageListener] System.IO.IOException: Unable to read data from the transport connection: Operation canceled.
 ---> System.Net.Sockets.SocketException (125): Operation canceled
   --- End of inner exception stack trace ---
   at System.Net.Sockets.Socket.AwaitableSocketAsyncEventArgs.ThrowException(SocketError error, CancellationToken cancellationToken)
   at System.Net.Sockets.Socket.AwaitableSocketAsyncEventArgs.System.Threading.Tasks.Sources.IValueTaskSource<System.Int32>.GetResult(Int16 token)
   at System.Net.Security.SslStream.EnsureFullTlsFrameAsync[TIOAdapter](TIOAdapter adapter)
   at System.Net.Security.SslStream.ReadAsyncInternal[TIOAdapter](TIOAdapter adapter, Memory`1 buffer)
   at System.Net.Http.HttpConnection.InitialFillAsync(Boolean async)
   at System.Net.Http.HttpConnection.SendAsyncCore(HttpRequestMessage request, Boolean async, CancellationToken cancellationToken)
[2023-06-17 10:00:46Z ERR  MessageListener] #####################################################
[2023-06-17 10:00:46Z ERR  MessageListener] System.Net.Sockets.SocketException (125): Operation canceled
[2023-06-17 10:00:46Z INFO MessageListener] Retriable exception: The HTTP request timed out after 00:01:00.
[2023-06-17 10:00:46Z ERR  Terminal] WRITE ERROR: 2023-06-17 10:00:46Z: Runner connect error: The HTTP request timed out after 00:01:00.. Retrying until reconnected.
[2023-06-17 10:00:46Z INFO RunnerServer] Refresh MessageQueue VssConnection to get on a different AFD node.
[2023-06-17 10:00:46Z INFO RunnerServer] EstablishVssConnection
[2023-06-17 10:00:46Z INFO RunnerServer] Establish connection with 60 seconds timeout.
[2023-06-17 10:00:46Z INFO GitHubActionsService] Starting operation Location.GetConnectionData
[2023-06-17 10:00:46Z INFO GitHubActionsService] Finished operation Location.GetConnectionData
[2023-06-17 10:00:46Z INFO MessageListener] Sleeping for 27.857 seconds before retrying.
[2023-06-17 10:22:30Z WARN GitHubActionsService] GET request to https://pipelines.actions.githubusercontent.com/6n9YdM5l1jhJ5fTwqLVRjaC2kWZ9SuphynErDEtFofg9Ku2iet/_apis/distributedtask/pools/1/messages?sessionId=1f9719e3-ace7-44eb-a880-ab1a0d8c5300&lastMessageId=38&status=Online&runnerVersion=2.305.0 timed out after 60 seconds.
[2023-06-17 10:22:30Z ERR  MessageListener] Catch exception during get next message.
[2023-06-17 10:22:30Z ERR  MessageListener] System.TimeoutException: The HTTP request timed out after 00:01:00.
 ---> System.Threading.Tasks.TaskCanceledException: The operation was canceled.
 ---> System.IO.IOException: Unable to read data from the transport connection: Operation canceled.
 ---> System.Net.Sockets.SocketException (125): Operation canceled
   --- End of inner exception stack trace ---
   at System.Net.Sockets.Socket.AwaitableSocketAsyncEventArgs.ThrowException(SocketError error, CancellationToken cancellationToken)
   at System.Net.Sockets.Socket.AwaitableSocketAsyncEventArgs.System.Threading.Tasks.Sources.IValueTaskSource<System.Int32>.GetResult(Int16 token)
   at System.Net.Security.SslStream.EnsureFullTlsFrameAsync[TIOAdapter](TIOAdapter adapter)
   at System.Net.Security.SslStream.ReadAsyncInternal[TIOAdapter](TIOAdapter adapter, Memory`1 buffer)
   at System.Net.Http.HttpConnection.InitialFillAsync(Boolean async)
   at System.Net.Http.HttpConnection.SendAsyncCore(HttpRequestMessage request, Boolean async, CancellationToken cancellationToken)
   --- End of inner exception stack trace ---
   at System.Net.Http.HttpConnection.SendAsyncCore(HttpRequestMessage request, Boolean async, CancellationToken cancellationToken)
   at System.Net.Http.AuthenticationHelper.SendWithNtAuthAsync(HttpRequestMessage request, Uri authUri, Boolean async, ICredentials credentials, Boolean isProxyAuth, HttpConnection connection, HttpConnectionPool connectionPool, CancellationToken cancellationToken)
   at System.Net.Http.HttpConnectionPool.SendWithVersionDetectionAndRetryAsync(HttpRequestMessage request, Boolean async, Boolean doRequestAuth, CancellationToken cancellationToken)
   at System.Net.Http.AuthenticationHelper.SendWithAuthAsync(HttpRequestMessage request, Uri authUri, Boolean async, ICredentials credentials, Boolean preAuthenticate, Boolean isProxyAuth, Boolean doRequestAuth, HttpConnectionPool pool, CancellationToken cancellationToken)
   at System.Net.Http.DecompressionHandler.SendAsync(HttpRequestMessage request, Boolean async, CancellationToken cancellationToken)
   at GitHub.Services.Common.VssHttpMessageHandler.SendAsync(HttpRequestMessage request, CancellationToken cancellationToken)
   --- End of inner exception stack trace ---
   at GitHub.Services.Common.VssHttpMessageHandler.SendAsync(HttpRequestMessage request, CancellationToken cancellationToken)
   at GitHub.Services.Common.VssHttpRetryMessageHandler.SendAsync(HttpRequestMessage request, CancellationToken cancellationToken)
   at System.Net.Http.HttpClient.<SendAsync>g__Core|83_0(HttpRequestMessage request, HttpCompletionOption completionOption, CancellationTokenSource cts, Boolean disposeCts, CancellationTokenSource pendingRequestsCts, CancellationToken originalCancellationToken)
   at GitHub.Services.WebApi.VssHttpClientBase.SendAsync(HttpRequestMessage message, HttpCompletionOption completionOption, Object userState, CancellationToken cancellationToken)
   at GitHub.Services.WebApi.VssHttpClientBase.SendAsync[T](HttpRequestMessage message, Object userState, CancellationToken cancellationToken)
   at GitHub.Services.WebApi.VssHttpClientBase.SendAsync[T](HttpMethod method, IEnumerable`1 additionalHeaders, Guid locationId, Object routeValues, ApiResourceVersion version, HttpContent content, IEnumerable`1 queryParameters, Object userState, CancellationToken cancellationToken)
   at GitHub.Runner.Listener.MessageListener.GetNextMessageAsync(CancellationToken token)
[2023-06-17 10:22:30Z ERR  MessageListener] #####################################################
[2023-06-17 10:22:30Z ERR  MessageListener] System.Threading.Tasks.TaskCanceledException: The operation was canceled.
 ---> System.IO.IOException: Unable to read data from the transport connection: Operation canceled.
 ---> System.Net.Sockets.SocketException (125): Operation canceled
   --- End of inner exception stack trace ---
   at System.Net.Sockets.Socket.AwaitableSocketAsyncEventArgs.ThrowException(SocketError error, CancellationToken cancellationToken)
   at System.Net.Sockets.Socket.AwaitableSocketAsyncEventArgs.System.Threading.Tasks.Sources.IValueTaskSource<System.Int32>.GetResult(Int16 token)
   at System.Net.Security.SslStream.EnsureFullTlsFrameAsync[TIOAdapter](TIOAdapter adapter)
   at System.Net.Security.SslStream.ReadAsyncInternal[TIOAdapter](TIOAdapter adapter, Memory`1 buffer)
   at System.Net.Http.HttpConnection.InitialFillAsync(Boolean async)
   at System.Net.Http.HttpConnection.SendAsyncCore(HttpRequestMessage request, Boolean async, CancellationToken cancellationToken)
   --- End of inner exception stack trace ---
   at System.Net.Http.HttpConnection.SendAsyncCore(HttpRequestMessage request, Boolean async, CancellationToken cancellationToken)
   at System.Net.Http.AuthenticationHelper.SendWithNtAuthAsync(HttpRequestMessage request, Uri authUri, Boolean async, ICredentials credentials, Boolean isProxyAuth, HttpConnection connection, HttpConnectionPool connectionPool, CancellationToken cancellationToken)
   at System.Net.Http.HttpConnectionPool.SendWithVersionDetectionAndRetryAsync(HttpRequestMessage request, Boolean async, Boolean doRequestAuth, CancellationToken cancellationToken)
   at System.Net.Http.AuthenticationHelper.SendWithAuthAsync(HttpRequestMessage request, Uri authUri, Boolean async, ICredentials credentials, Boolean preAuthenticate, Boolean isProxyAuth, Boolean doRequestAuth, HttpConnectionPool pool, CancellationToken cancellationToken)
   at System.Net.Http.DecompressionHandler.SendAsync(HttpRequestMessage request, Boolean async, CancellationToken cancellationToken)
   at GitHub.Services.Common.VssHttpMessageHandler.SendAsync(HttpRequestMessage request, CancellationToken cancellationToken)
[2023-06-17 10:22:30Z ERR  MessageListener] #####################################################
[2023-06-17 10:22:30Z ERR  MessageListener] System.IO.IOException: Unable to read data from the transport connection: Operation canceled.
 ---> System.Net.Sockets.SocketException (125): Operation canceled
   --- End of inner exception stack trace ---
   at System.Net.Sockets.Socket.AwaitableSocketAsyncEventArgs.ThrowException(SocketError error, CancellationToken cancellationToken)
   at System.Net.Sockets.Socket.AwaitableSocketAsyncEventArgs.System.Threading.Tasks.Sources.IValueTaskSource<System.Int32>.GetResult(Int16 token)
   at System.Net.Security.SslStream.EnsureFullTlsFrameAsync[TIOAdapter](TIOAdapter adapter)
   at System.Net.Security.SslStream.ReadAsyncInternal[TIOAdapter](TIOAdapter adapter, Memory`1 buffer)
   at System.Net.Http.HttpConnection.InitialFillAsync(Boolean async)
   at System.Net.Http.HttpConnection.SendAsyncCore(HttpRequestMessage request, Boolean async, CancellationToken cancellationToken)
[2023-06-17 10:22:30Z ERR  MessageListener] #####################################################
[2023-06-17 10:22:30Z ERR  MessageListener] System.Net.Sockets.SocketException (125): Operation canceled
[2023-06-17 10:22:30Z INFO MessageListener] Retriable exception: The HTTP request timed out after 00:01:00.
[2023-06-17 10:22:30Z INFO RunnerServer] Refresh MessageQueue VssConnection to get on a different AFD node.
[2023-06-17 10:22:30Z INFO RunnerServer] EstablishVssConnection
[2023-06-17 10:22:30Z INFO RunnerServer] Establish connection with 60 seconds timeout.
[2023-06-17 10:22:30Z INFO GitHubActionsService] Starting operation Location.GetConnectionData
[2023-06-17 10:22:30Z INFO GitHubActionsService] Finished operation Location.GetConnectionData
[2023-06-17 10:22:30Z INFO MessageListener] Sleeping for 28.923 seconds before retrying.
[2023-06-17 11:09:39Z INFO RSAFileKeyManager] Loading RSA key parameters from file /usr/src/app/actions-runner/.credentials_rsaparams
[2023-06-17 11:09:39Z INFO GitHubActionsService] AAD Correlation ID for this token request: Unknown
[2023-06-17 11:54:19Z WARN GitHubActionsService] GET request to https://pipelines.actions.githubusercontent.com/6n9YdM5l1jhJ5fTwqLVRjaC2kWZ9SuphynErDEtFofg9Ku2iet/_apis/distributedtask/pools/1/messages?sessionId=1f9719e3-ace7-44eb-a880-ab1a0d8c5300&lastMessageId=38&status=Online&runnerVersion=2.305.0 timed out after 60 seconds.
[2023-06-17 11:54:19Z ERR  MessageListener] Catch exception during get next message.
[2023-06-17 11:54:19Z ERR  MessageListener] System.TimeoutException: The HTTP request timed out after 00:01:00.
 ---> System.Threading.Tasks.TaskCanceledException: The operation was canceled.
 ---> System.IO.IOException: Unable to read data from the transport connection: Operation canceled.
 ---> System.Net.Sockets.SocketException (125): Operation canceled
   --- End of inner exception stack trace ---
   at System.Net.Sockets.Socket.AwaitableSocketAsyncEventArgs.ThrowException(SocketError error, CancellationToken cancellationToken)
   at System.Net.Sockets.Socket.AwaitableSocketAsyncEventArgs.System.Threading.Tasks.Sources.IValueTaskSource<System.Int32>.GetResult(Int16 token)
   at System.Net.Security.SslStream.EnsureFullTlsFrameAsync[TIOAdapter](TIOAdapter adapter)
   at System.Net.Security.SslStream.ReadAsyncInternal[TIOAdapter](TIOAdapter adapter, Memory`1 buffer)
   at System.Net.Http.HttpConnection.InitialFillAsync(Boolean async)
   at System.Net.Http.HttpConnection.SendAsyncCore(HttpRequestMessage request, Boolean async, CancellationToken cancellationToken)
   --- End of inner exception stack trace ---
   at System.Net.Http.HttpConnection.SendAsyncCore(HttpRequestMessage request, Boolean async, CancellationToken cancellationToken)
   at System.Net.Http.AuthenticationHelper.SendWithNtAuthAsync(HttpRequestMessage request, Uri authUri, Boolean async, ICredentials credentials, Boolean isProxyAuth, HttpConnection connection, HttpConnectionPool connectionPool, CancellationToken cancellationToken)
   at System.Net.Http.HttpConnectionPool.SendWithVersionDetectionAndRetryAsync(HttpRequestMessage request, Boolean async, Boolean doRequestAuth, CancellationToken cancellationToken)
   at System.Net.Http.AuthenticationHelper.SendWithAuthAsync(HttpRequestMessage request, Uri authUri, Boolean async, ICredentials credentials, Boolean preAuthenticate, Boolean isProxyAuth, Boolean doRequestAuth, HttpConnectionPool pool, CancellationToken cancellationToken)
   at System.Net.Http.DecompressionHandler.SendAsync(HttpRequestMessage request, Boolean async, CancellationToken cancellationToken)
   at GitHub.Services.Common.VssHttpMessageHandler.SendAsync(HttpRequestMessage request, CancellationToken cancellationToken)
   --- End of inner exception stack trace ---
   at GitHub.Services.Common.VssHttpMessageHandler.SendAsync(HttpRequestMessage request, CancellationToken cancellationToken)
   at GitHub.Services.Common.VssHttpRetryMessageHandler.SendAsync(HttpRequestMessage request, CancellationToken cancellationToken)
   at System.Net.Http.HttpClient.<SendAsync>g__Core|83_0(HttpRequestMessage request, HttpCompletionOption completionOption, CancellationTokenSource cts, Boolean disposeCts, CancellationTokenSource pendingRequestsCts, CancellationToken originalCancellationToken)
   at GitHub.Services.WebApi.VssHttpClientBase.SendAsync(HttpRequestMessage message, HttpCompletionOption completionOption, Object userState, CancellationToken cancellationToken)
   at GitHub.Services.WebApi.VssHttpClientBase.SendAsync[T](HttpRequestMessage message, Object userState, CancellationToken cancellationToken)
   at GitHub.Services.WebApi.VssHttpClientBase.SendAsync[T](HttpMethod method, IEnumerable`1 additionalHeaders, Guid locationId, Object routeValues, ApiResourceVersion version, HttpContent content, IEnumerable`1 queryParameters, Object userState, CancellationToken cancellationToken)
   at GitHub.Runner.Listener.MessageListener.GetNextMessageAsync(CancellationToken token)
[2023-06-17 11:54:19Z ERR  MessageListener] #####################################################
[2023-06-17 11:54:19Z ERR  MessageListener] System.Threading.Tasks.TaskCanceledException: The operation was canceled.
 ---> System.IO.IOException: Unable to read data from the transport connection: Operation canceled.
 ---> System.Net.Sockets.SocketException (125): Operation canceled
   --- End of inner exception stack trace ---
   at System.Net.Sockets.Socket.AwaitableSocketAsyncEventArgs.ThrowException(SocketError error, CancellationToken cancellationToken)
   at System.Net.Sockets.Socket.AwaitableSocketAsyncEventArgs.System.Threading.Tasks.Sources.IValueTaskSource<System.Int32>.GetResult(Int16 token)
   at System.Net.Security.SslStream.EnsureFullTlsFrameAsync[TIOAdapter](TIOAdapter adapter)
   at System.Net.Security.SslStream.ReadAsyncInternal[TIOAdapter](TIOAdapter adapter, Memory`1 buffer)
   at System.Net.Http.HttpConnection.InitialFillAsync(Boolean async)
   at System.Net.Http.HttpConnection.SendAsyncCore(HttpRequestMessage request, Boolean async, CancellationToken cancellationToken)
   --- End of inner exception stack trace ---
   at System.Net.Http.HttpConnection.SendAsyncCore(HttpRequestMessage request, Boolean async, CancellationToken cancellationToken)
   at System.Net.Http.AuthenticationHelper.SendWithNtAuthAsync(HttpRequestMessage request, Uri authUri, Boolean async, ICredentials credentials, Boolean isProxyAuth, HttpConnection connection, HttpConnectionPool connectionPool, CancellationToken cancellationToken)
   at System.Net.Http.HttpConnectionPool.SendWithVersionDetectionAndRetryAsync(HttpRequestMessage request, Boolean async, Boolean doRequestAuth, CancellationToken cancellationToken)
   at System.Net.Http.AuthenticationHelper.SendWithAuthAsync(HttpRequestMessage request, Uri authUri, Boolean async, ICredentials credentials, Boolean preAuthenticate, Boolean isProxyAuth, Boolean doRequestAuth, HttpConnectionPool pool, CancellationToken cancellationToken)
   at System.Net.Http.DecompressionHandler.SendAsync(HttpRequestMessage request, Boolean async, CancellationToken cancellationToken)
   at GitHub.Services.Common.VssHttpMessageHandler.SendAsync(HttpRequestMessage request, CancellationToken cancellationToken)
[2023-06-17 11:54:19Z ERR  MessageListener] #####################################################
[2023-06-17 11:54:19Z ERR  MessageListener] System.IO.IOException: Unable to read data from the transport connection: Operation canceled.
 ---> System.Net.Sockets.SocketException (125): Operation canceled
   --- End of inner exception stack trace ---
   at System.Net.Sockets.Socket.AwaitableSocketAsyncEventArgs.ThrowException(SocketError error, CancellationToken cancellationToken)
   at System.Net.Sockets.Socket.AwaitableSocketAsyncEventArgs.System.Threading.Tasks.Sources.IValueTaskSource<System.Int32>.GetResult(Int16 token)
   at System.Net.Security.SslStream.EnsureFullTlsFrameAsync[TIOAdapter](TIOAdapter adapter)
   at System.Net.Security.SslStream.ReadAsyncInternal[TIOAdapter](TIOAdapter adapter, Memory`1 buffer)
   at System.Net.Http.HttpConnection.InitialFillAsync(Boolean async)
   at System.Net.Http.HttpConnection.SendAsyncCore(HttpRequestMessage request, Boolean async, CancellationToken cancellationToken)
[2023-06-17 11:54:19Z ERR  MessageListener] #####################################################
[2023-06-17 11:54:19Z ERR  MessageListener] System.Net.Sockets.SocketException (125): Operation canceled
[2023-06-17 11:54:19Z INFO MessageListener] Retriable exception: The HTTP request timed out after 00:01:00.
[2023-06-17 11:54:19Z INFO RunnerServer] Refresh MessageQueue VssConnection to get on a different AFD node.
[2023-06-17 11:54:19Z INFO RunnerServer] EstablishVssConnection
[2023-06-17 11:54:19Z INFO RunnerServer] Establish connection with 60 seconds timeout.
[2023-06-17 11:54:19Z INFO GitHubActionsService] Starting operation Location.GetConnectionData
[2023-06-17 11:54:20Z INFO GitHubActionsService] Finished operation Location.GetConnectionData
[2023-06-17 11:54:20Z INFO MessageListener] Sleeping for 27.504 seconds before retrying.
[2023-06-17 11:55:52Z INFO Terminal] WRITE LINE: 2023-06-17 11:55:52Z: Runner reconnected.
[2023-06-17 12:03:17Z INFO Terminal] WRITE LINE: Exiting...
[2023-06-17 12:03:17Z INFO ConfigurationStore] IsServiceConfigured()
[2023-06-17 12:03:17Z INFO ConfigurationStore] IsServiceConfigured: False
[2023-06-17 12:03:17Z INFO HostContext] Runner will be shutdown for UserCancelled
[2023-06-17 12:03:17Z WARN GitHubActionsService] GET request to https://pipelines.actions.githubusercontent.com/6n9YdM5l1jhJ5fTwqLVRjaC2kWZ9SuphynErDEtFofg9Ku2iet/_apis/distributedtask/pools/1/messages?sessionId=1f9719e3-ace7-44eb-a880-ab1a0d8c5300&lastMessageId=38&status=Online&runnerVersion=2.305.0 has been cancelled.
[2023-06-17 12:03:17Z INFO MessageListener] Get next message has been cancelled.
[2023-06-17 12:03:17Z INFO JobDispatcher] Shutting down JobDispatcher. Make sure all WorkerDispatcher has finished.
[2023-06-17 12:03:17Z INFO JobDispatcher] Ensure WorkerDispather for job 0e10f8dd-85b5-5bee-19c6-47fc7db6f171 run to finish, cancel any running job.
[2023-06-17 12:03:17Z INFO JobDispatcher] Job request 0e10f8dd-85b5-5bee-19c6-47fc7db6f171 processed succeed.
[2023-06-17 12:03:17Z INFO Listener] Runner execution been cancelled.
